#
# There is insufficient memory for the Java Runtime Environment to continue.
# Native memory allocation (malloc) failed to allocate 317456 bytes for Chunk::new
# Possible reasons:
#   The system is out of physical RAM or swap space
#   In 32 bit mode, the process size limit was hit
# Possible solutions:
#   Reduce memory load on the system
#   Increase physical memory or swap space
#   Check if swap backing store is full
#   Use 64 bit Java on a 64 bit OS
#   Decrease Java heap size (-Xmx/-Xms)
#   Decrease number of Java threads
#   Decrease Java thread stack sizes (-Xss)
#   Set larger code cache with -XX:ReservedCodeCacheSize=
# This output file may be truncated or incomplete.
#
#  Out of Memory Error (allocation.cpp:390), pid=1068, tid=0x0000000000000e70
#
# JRE version: Java(TM) SE Runtime Environment (8.0_102-b14) (build 1.8.0_102-b14)
# Java VM: Java HotSpot(TM) 64-Bit Server VM (25.102-b14 mixed mode windows-amd64 compressed oops)
# Failed to write core dump. Minidumps are not enabled by default on client versions of Windows
#

---------------  T H R E A D  ---------------

Current thread (0x0000000014eab800):  JavaThread "C2 CompilerThread0" daemon [_thread_in_native, id=3696, stack(0x00000000164f0000,0x00000000165f0000)]

Stack: [0x00000000164f0000,0x00000000165f0000]
[error occurred during error reporting (printing stack bounds), id 0xc0000005]

Native frames: (J=compiled Java code, j=interpreted, Vv=VM code, C=native code)


Current CompileTask:
C2:   8918 1972       4       com.android.dx.dex.code.LocalList::make (102 bytes)


---------------  P R O C E S S  ---------------

Java Threads: ( => current thread )
  0x0000000016b19000 JavaThread "pool-1-thread-1" [_thread_in_vm, id=16088, stack(0x0000000018ac0000,0x0000000018bc0000)]
  0x00000000167f4800 JavaThread "Service Thread" daemon [_thread_blocked, id=8976, stack(0x0000000016bf0000,0x0000000016cf0000)]
  0x0000000014f0b800 JavaThread "C1 CompilerThread2" daemon [_thread_blocked, id=14248, stack(0x00000000166f0000,0x00000000167f0000)]
  0x0000000014eaf800 JavaThread "C2 CompilerThread1" daemon [_thread_blocked, id=12020, stack(0x00000000165f0000,0x00000000166f0000)]
=>0x0000000014eab800 JavaThread "C2 CompilerThread0" daemon [_thread_in_native, id=3696, stack(0x00000000164f0000,0x00000000165f0000)]
  0x0000000014eaa000 JavaThread "Attach Listener" daemon [_thread_blocked, id=7656, stack(0x00000000163f0000,0x00000000164f0000)]
  0x0000000014ea9000 JavaThread "Signal Dispatcher" daemon [_thread_blocked, id=13544, stack(0x00000000162f0000,0x00000000163f0000)]
  0x0000000014e9a800 JavaThread "Finalizer" daemon [_thread_blocked, id=13872, stack(0x0000000016110000,0x0000000016210000)]
  0x000000000272f000 JavaThread "Reference Handler" daemon [_thread_blocked, id=8828, stack(0x0000000016010000,0x0000000016110000)]
  0x0000000002641000 JavaThread "main" [_thread_blocked, id=3332, stack(0x00000000024d0000,0x00000000025d0000)]

Other Threads:
  0x0000000014e78000 VMThread [stack: 0x0000000015f10000,0x0000000016010000] [id=7640]
  0x0000000016809800 WatcherThread [stack: 0x0000000016cf0000,0x0000000016df0000] [id=9976]

VM state:not at safepoint (normal execution)

VM Mutex/Monitor currently owned by a thread: None

Heap:
 PSYoungGen      total 71680K, used 32030K [0x00000000eab00000, 0x00000000ef600000, 0x0000000100000000)
  eden space 66560K, 40% used [0x00000000eab00000,0x00000000ec54dce8,0x00000000eec00000)
  from space 5120K, 99% used [0x00000000ef100000,0x00000000ef5f9c98,0x00000000ef600000)
  to   space 5120K, 0% used [0x00000000eec00000,0x00000000eec00000,0x00000000ef100000)
 ParOldGen       total 87552K, used 4799K [0x00000000c0000000, 0x00000000c5580000, 0x00000000eab00000)
  object space 87552K, 5% used [0x00000000c0000000,0x00000000c04afc70,0x00000000c5580000)
 Metaspace       used 6418K, capacity 7344K, committed 7552K, reserved 1056768K
  class space    used 607K, capacity 616K, committed 640K, reserved 1048576K

Card table byte_map: [0x0000000011ba0000,0x0000000011db0000] byte_map_base: 0x00000000115a0000

Marking Bits: (ParMarkBitMap*) 0x000000006071a6c0
 Begin Bits: [0x0000000012310000, 0x0000000013310000)
 End Bits:   [0x0000000013310000, 0x0000000014310000)

Polling page: 0x0000000000a60000

CodeCache: size=245760Kb used=8130Kb max_used=8146Kb free=237629Kb
 bounds [0x00000000027e0000, 0x0000000002fe0000, 0x00000000117e0000]
 total_blobs=2230 nmethods=1966 adapters=176
 compilation: enabled

Compilation events (10 events):
Event: 8.843 Thread 0x0000000014eaf800 1971       4       com.android.dx.dex.code.DalvInsnList::makeImmutable (51 bytes)
Event: 8.854 Thread 0x0000000014eaf800 nmethod 1971 0x0000000002fcd3d0 code [0x0000000002fcd520, 0x0000000002fcd8f8]
Event: 8.854 Thread 0x0000000014eaf800 1966   !   4       com.android.dx.dex.code.OutputFinisher::fixBranches (234 bytes)
Event: 8.863 Thread 0x0000000014eab800 nmethod 1963 0x0000000002fd4e50 code [0x0000000002fd50a0, 0x0000000002fd6720]
Event: 8.863 Thread 0x0000000014eab800 1968       4       com.android.dx.dex.code.OutputFinisher::assignIndices (46 bytes)
Event: 8.864 Thread 0x0000000014eaf800 nmethod 1966 0x0000000002fd09d0 code [0x0000000002fd0bc0, 0x0000000002fd12a0]
Event: 8.864 Thread 0x0000000014eaf800 1974       4       com.android.dx.dex.code.OutputFinisher::calculateReservedCount (122 bytes)
Event: 8.874 Thread 0x0000000014eab800 nmethod 1968 0x0000000002fd2350 code [0x0000000002fd24e0, 0x0000000002fd29d8]
Event: 8.874 Thread 0x0000000014eab800 1972       4       com.android.dx.dex.code.LocalList::make (102 bytes)
Event: 8.899 Thread 0x0000000014eaf800 nmethod 1974 0x0000000002fdc010 code [0x0000000002fdc240, 0x0000000002fdd4d0]

GC Heap History (4 events):
Event: 3.227 GC heap before
{Heap before GC invocations=1 (full 0):
 PSYoungGen      total 38400K, used 33280K [0x00000000eab00000, 0x00000000ed580000, 0x0000000100000000)
  eden space 33280K, 100% used [0x00000000eab00000,0x00000000ecb80000,0x00000000ecb80000)
  from space 5120K, 0% used [0x00000000ed080000,0x00000000ed080000,0x00000000ed580000)
  to   space 5120K, 0% used [0x00000000ecb80000,0x00000000ecb80000,0x00000000ed080000)
 ParOldGen       total 87552K, used 0K [0x00000000c0000000, 0x00000000c5580000, 0x00000000eab00000)
  object space 87552K, 0% used [0x00000000c0000000,0x00000000c0000000,0x00000000c5580000)
 Metaspace       used 5904K, capacity 6960K, committed 7040K, reserved 1056768K
  class space    used 587K, capacity 616K, committed 640K, reserved 1048576K
Event: 3.392 GC heap after
Heap after GC invocations=1 (full 0):
 PSYoungGen      total 38400K, used 5108K [0x00000000eab00000, 0x00000000ef600000, 0x0000000100000000)
  eden space 33280K, 0% used [0x00000000eab00000,0x00000000eab00000,0x00000000ecb80000)
  from space 5120K, 99% used [0x00000000ecb80000,0x00000000ed07d318,0x00000000ed080000)
  to   space 5120K, 0% used [0x00000000ef100000,0x00000000ef100000,0x00000000ef600000)
 ParOldGen       total 87552K, used 1012K [0x00000000c0000000, 0x00000000c5580000, 0x00000000eab00000)
  object space 87552K, 1% used [0x00000000c0000000,0x00000000c00fd290,0x00000000c5580000)
 Metaspace       used 5904K, capacity 6960K, committed 7040K, reserved 1056768K
  class space    used 587K, capacity 616K, committed 640K, reserved 1048576K
}
Event: 5.434 GC heap before
{Heap before GC invocations=2 (full 0):
 PSYoungGen      total 38400K, used 38388K [0x00000000eab00000, 0x00000000ef600000, 0x0000000100000000)
  eden space 33280K, 100% used [0x00000000eab00000,0x00000000ecb80000,0x00000000ecb80000)
  from space 5120K, 99% used [0x00000000ecb80000,0x00000000ed07d318,0x00000000ed080000)
  to   space 5120K, 0% used [0x00000000ef100000,0x00000000ef100000,0x00000000ef600000)
 ParOldGen       total 87552K, used 1012K [0x00000000c0000000, 0x00000000c5580000, 0x00000000eab00000)
  object space 87552K, 1% used [0x00000000c0000000,0x00000000c00fd290,0x00000000c5580000)
 Metaspace       used 6094K, capacity 7088K, committed 7296K, reserved 1056768K
  class space    used 589K, capacity 616K, committed 640K, reserved 1048576K
Event: 5.971 GC heap after
Heap after GC invocations=2 (full 0):
 PSYoungGen      total 71680K, used 5095K [0x00000000eab00000, 0x00000000ef600000, 0x0000000100000000)
  eden space 66560K, 0% used [0x00000000eab00000,0x00000000eab00000,0x00000000eec00000)
  from space 5120K, 99% used [0x00000000ef100000,0x00000000ef5f9c98,0x00000000ef600000)
  to   space 5120K, 0% used [0x00000000eec00000,0x00000000eec00000,0x00000000ef100000)
 ParOldGen       total 87552K, used 4799K [0x00000000c0000000, 0x00000000c5580000, 0x00000000eab00000)
  object space 87552K, 5% used [0x00000000c0000000,0x00000000c04afc70,0x00000000c5580000)
 Metaspace       used 6094K, capacity 7088K, committed 7296K, reserved 1056768K
  class space    used 589K, capacity 616K, committed 640K, reserved 1048576K
}

Deoptimization events (10 events):
Event: 7.439 Thread 0x0000000016b19000 Uncommon trap: reason=unstable_if action=reinterpret pc=0x0000000002cf39f4 method=java.util.HashMap.putVal(ILjava/lang/Object;Ljava/lang/Object;ZZ)Ljava/lang/Object; @ 193
Event: 7.482 Thread 0x0000000016b19000 Uncommon trap: reason=class_check action=maybe_recompile pc=0x0000000002f0ffa0 method=java.util.HashMap.putVal(ILjava/lang/Object;Ljava/lang/Object;ZZ)Ljava/lang/Object; @ 203
Event: 7.482 Thread 0x0000000016b19000 Uncommon trap: reason=class_check action=maybe_recompile pc=0x0000000002f0ffa0 method=java.util.HashMap.putVal(ILjava/lang/Object;Ljava/lang/Object;ZZ)Ljava/lang/Object; @ 203
Event: 7.482 Thread 0x0000000016b19000 Uncommon trap: reason=class_check action=maybe_recompile pc=0x0000000002f0ffa0 method=java.util.HashMap.putVal(ILjava/lang/Object;Ljava/lang/Object;ZZ)Ljava/lang/Object; @ 203
Event: 7.482 Thread 0x0000000016b19000 Uncommon trap: reason=class_check action=maybe_recompile pc=0x0000000002f0ffa0 method=java.util.HashMap.putVal(ILjava/lang/Object;Ljava/lang/Object;ZZ)Ljava/lang/Object; @ 203
Event: 8.319 Thread 0x0000000016b19000 Uncommon trap: reason=speculate_class_check action=maybe_recompile pc=0x0000000002b9424c method=com.android.dx.util.FixedSizeList.equals(Ljava/lang/Object;)Z @ 25
Event: 8.319 Thread 0x0000000016b19000 Uncommon trap: reason=speculate_class_check action=maybe_recompile pc=0x0000000002b9424c method=com.android.dx.util.FixedSizeList.equals(Ljava/lang/Object;)Z @ 25
Event: 8.321 Thread 0x0000000016b19000 Uncommon trap: reason=speculate_class_check action=maybe_recompile pc=0x0000000002b9424c method=com.android.dx.util.FixedSizeList.equals(Ljava/lang/Object;)Z @ 25
Event: 8.321 Thread 0x0000000016b19000 Uncommon trap: reason=speculate_class_check action=maybe_recompile pc=0x0000000002b9424c method=com.android.dx.util.FixedSizeList.equals(Ljava/lang/Object;)Z @ 25
Event: 8.633 Thread 0x0000000016b19000 Uncommon trap: reason=unstable_if action=reinterpret pc=0x0000000002f1174c method=java.util.TreeMap.put(Ljava/lang/Object;Ljava/lang/Object;)Ljava/lang/Object; @ 163

Internal exceptions (5 events):
Event: 0.216 Thread 0x0000000002641000 Exception <a 'java/lang/NoSuchMethodError': Method sun.misc.Unsafe.defineClass(Ljava/lang/String;[BII)Ljava/lang/Class; name or signature does not match> (0x00000000eab07c78) thrown at [C:\re\workspace\8-2-build-windows-amd64-cygwin\jdk8u102\7268\hotspot\s’ý–˜Z¸Ë?
Event: 0.217 Thread 0x0000000002641000 Exception <a 'java/lang/NoSuchMethodError': Method sun.misc.Unsafe.prefetchRead(Ljava/lang/Object;J)V name or signature does not match> (0x00000000eab07f60) thrown at [C:\re\workspace\8-2-build-windows-amd64-cygwin\jdk8u102\7268\hotspot\src\share\vm\prims\ÕA³%dì@
Event: 3.490 Thread 0x0000000016b14800 Implicit null exception at 0x0000000002c444ff to 0x0000000002c452ad
Event: 3.491 Thread 0x0000000016b14800 Implicit null exception at 0x0000000002c3e759 to 0x0000000002c3f2cd
Event: 4.211 Thread 0x0000000016b18000 Implicit null exception at 0x0000000002bfba22 to 0x0000000002bfbb1a

Events (10 events):
Event: 8.321 Thread 0x0000000016b19000 DEOPT UNPACKING pc=0x000000000282582a sp=0x0000000018bbe4c0 mode 2
Event: 8.321 loading class com/android/dx/dex/code/CatchTable$Entry
Event: 8.321 loading class com/android/dx/dex/code/CatchTable$Entry done
Event: 8.322 loading class com/android/dx/util/ByteArrayAnnotatedOutput
Event: 8.322 loading class com/android/dx/util/ByteArrayAnnotatedOutput done
Event: 8.521 loading class com/android/dx/rop/code/RegisterSpecList$Expander
Event: 8.521 loading class com/android/dx/rop/code/RegisterSpecList$Expander done
Event: 8.633 Thread 0x0000000016b19000 Uncommon trap: trap_request=0xffffff65 fr.pc=0x0000000002f1174c
Event: 8.633 Thread 0x0000000016b19000 DEOPT PACKING pc=0x0000000002f1174c sp=0x0000000018bbe720
Event: 8.633 Thread 0x0000000016b19000 DEOPT UNPACKING pc=0x000000000282582a sp=0x0000000018bbe6c0 mode 2


Dynamic libraries:
0x00007ff77ff30000 - 0x00007ff77ff67000 	C:\Program Files\Java\jdk1.8.0_102\bin\java.exe
0x00007ff98f3f0000 - 0x00007ff98f5b1000 	C:\WINDOWS\SYSTEM32\ntdll.dll
0x00007ff98eff0000 - 0x00007ff98f09d000 	C:\WINDOWS\system32\KERNEL32.DLL
0x00007ff98bb10000 - 0x00007ff98bcf8000 	C:\WINDOWS\system32\KERNELBASE.dll
0x00007ff98ebc0000 - 0x00007ff98ec67000 	C:\WINDOWS\system32\ADVAPI32.dll
0x00007ff98e9e0000 - 0x00007ff98ea7d000 	C:\WINDOWS\system32\msvcrt.dll
0x00007ff98ea80000 - 0x00007ff98eadb000 	C:\WINDOWS\system32\sechost.dll
0x00007ff98f2d0000 - 0x00007ff98f3ec000 	C:\WINDOWS\system32\RPCRT4.dll
0x00007ff98f0a0000 - 0x00007ff98f1f6000 	C:\WINDOWS\system32\USER32.dll
0x00007ff98c900000 - 0x00007ff98ca86000 	C:\WINDOWS\system32\GDI32.dll
0x00007ff97b820000 - 0x00007ff97ba94000 	C:\WINDOWS\WinSxS\amd64_microsoft.windows.common-controls_6595b64144ccf1df_6.0.10586.589_none_a2ddb3caa539acce\COMCTL32.dll
0x00007ff98d050000 - 0x00007ff98d2cd000 	C:\WINDOWS\system32\combase.dll
0x00007ff98baa0000 - 0x00007ff98bb0a000 	C:\WINDOWS\system32\bcryptPrimitives.dll
0x00007ff98ca90000 - 0x00007ff98cacb000 	C:\WINDOWS\system32\IMM32.DLL
0x000000005f910000 - 0x000000005f9e1000 	C:\Program Files\Java\jdk1.8.0_102\jre\bin\msvcr100.dll
0x000000005ff00000 - 0x000000006079a000 	C:\Program Files\Java\jdk1.8.0_102\jre\bin\server\jvm.dll
0x00007ff98ed30000 - 0x00007ff98ed38000 	C:\WINDOWS\system32\PSAPI.DLL
0x00007ff9881d0000 - 0x00007ff9881d9000 	C:\WINDOWS\SYSTEM32\WSOCK32.dll
0x00007ff98eae0000 - 0x00007ff98eb4b000 	C:\WINDOWS\system32\WS2_32.dll
0x00007ff989320000 - 0x00007ff989343000 	C:\WINDOWS\SYSTEM32\WINMM.dll
0x00007ff98a0a0000 - 0x00007ff98a0aa000 	C:\WINDOWS\SYSTEM32\VERSION.dll
0x00007ff9892f0000 - 0x00007ff98931c000 	C:\WINDOWS\SYSTEM32\WINMMBASE.dll
0x00007ff98bef0000 - 0x00007ff98bf33000 	C:\WINDOWS\system32\cfgmgr32.dll
0x0000000060d30000 - 0x0000000060d3f000 	C:\Program Files\Java\jdk1.8.0_102\jre\bin\verify.dll
0x0000000060d00000 - 0x0000000060d29000 	C:\Program Files\Java\jdk1.8.0_102\jre\bin\java.dll
0x0000000060ce0000 - 0x0000000060cf6000 	C:\Program Files\Java\jdk1.8.0_102\jre\bin\zip.dll
0x00007ff98d2d0000 - 0x00007ff98e82c000 	C:\WINDOWS\system32\SHELL32.dll
0x00007ff98bf40000 - 0x00007ff98c585000 	C:\WINDOWS\system32\windows.storage.dll
0x00007ff98ec70000 - 0x00007ff98ecc2000 	C:\WINDOWS\system32\shlwapi.dll
0x00007ff98ba30000 - 0x00007ff98ba3f000 	C:\WINDOWS\system32\kernel.appcore.dll
0x00007ff98c730000 - 0x00007ff98c7e5000 	C:\WINDOWS\system32\shcore.dll
0x00007ff98ba40000 - 0x00007ff98ba8b000 	C:\WINDOWS\system32\powrprof.dll
0x00007ff98ba10000 - 0x00007ff98ba24000 	C:\WINDOWS\system32\profapi.dll

VM Arguments:
jvm_args: -Djava.awt.headless=true -Xmx1024M -Dfile.encoding=windows-1252 -Duser.country=US -Duser.language=en -Duser.variant 
java_command: com.android.dx.command.Main --dex --force-jumbo --num-threads=4 --multi-dex --output C:\Users\Khalid.Elgazzar\AndroidStudioProjects\CourtCounter\app\build\intermediates\transforms\dex\debug\folders\1000\10\internal_impl-24.2.1_b7cc04c21d733fb0daf7a6ab70b6e459cd4681a3 C:\Users\Khalid.Elgazzar\AndroidStudioProjects\CourtCounter\app\build\intermediates\exploded-aar\com.android.support\support-compat\24.2.1\jars\libs\internal_impl-24.2.1.jar
java_class_path (initial): C:\Users\Khalid.Elgazzar\AppData\Local\Android\sdk\build-tools\24.0.2\lib\dx.jar
Launcher Type: SUN_STANDARD

Environment Variables:
PATH=C:\ProgramData\Oracle\Java\javapath;C:\WINDOWS\system32;C:\WINDOWS;C:\WINDOWS\System32\Wbem;C:\WINDOWS\System32\WindowsPowerShell\v1.0\;C:\Program Files (x86)\Skype\Phone\;C:\Program Files (x86)\Google\Google Apps Sync\;C:\Program Files (x86)\Google\Google Apps Migration\;C:\TDM-GCC-64\bin
USERNAME=Khalid.Elgazzar
OS=Windows_NT
PROCESSOR_IDENTIFIER=Intel64 Family 6 Model 78 Stepping 3, GenuineIntel



---------------  S Y S T E M  ---------------

OS: Windows 10.0 , 64 bit Build 10586 (10.0.10586.589)

CPU:total 4 (2 cores per cpu, 2 threads per core) family 6 model 78 stepping 3, cmov, cx8, fxsr, mmx, sse, sse2, sse3, ssse3, sse4.1, sse4.2, popcnt, avx, avx2, aes, clmul, erms, 3dnowpref, lzcnt, ht, tsc, tscinvbit, bmi1, bmi2, adx

Memory: 4k page, physical 8269992k(251144k free), swap 22336676k(4556k free)

vm_info: Java HotSpot(TM) 64-Bit Server VM (25.102-b14) for windows-amd64 JRE (1.8.0_102-b14), built on Jun 22 2016 13:15:21 by "java_re" with MS VC++ 10.0 (VS2010)

time: Mon Oct 03 21:24:04 2016
elapsed time: 8 seconds (0d 0h 0m 8s)

