#
# There is insufficient memory for the Java Runtime Environment to continue.
# Native memory allocation (malloc) failed to allocate 32744 bytes for ChunkPool::allocate
# Possible reasons:
#   The system is out of physical RAM or swap space
#   In 32 bit mode, the process size limit was hit
# Possible solutions:
#   Reduce memory load on the system
#   Increase physical memory or swap space
#   Check if swap backing store is full
#   Use 64 bit Java on a 64 bit OS
#   Decrease Java heap size (-Xmx/-Xms)
#   Decrease number of Java threads
#   Decrease Java thread stack sizes (-Xss)
#   Set larger code cache with -XX:ReservedCodeCacheSize=
# This output file may be truncated or incomplete.
#
#  Out of Memory Error (allocation.cpp:273), pid=648, tid=0x0000000000001e04
#
# JRE version: Java(TM) SE Runtime Environment (8.0_102-b14) (build 1.8.0_102-b14)
# Java VM: Java HotSpot(TM) 64-Bit Server VM (25.102-b14 mixed mode windows-amd64 compressed oops)
# Failed to write core dump. Minidumps are not enabled by default on client versions of Windows
#

---------------  T H R E A D  ---------------

Current thread (0x000000001511f000):  JavaThread "C2 CompilerThread1" daemon [_thread_in_native, id=7684, stack(0x0000000016870000,0x0000000016970000)]

Stack: [0x0000000016870000,0x0000000016970000]
[error occurred during error reporting (printing stack bounds), id 0xc0000005]

Native frames: (J=compiled Java code, j=interpreted, Vv=VM code, C=native code)


Current CompileTask:
C2:   2654 1179       4       com.android.dx.ssa.Dominators::eval (29 bytes)


---------------  P R O C E S S  ---------------

Java Threads: ( => current thread )
  0x0000000016cc6800 JavaThread "pool-2-thread-4" [_thread_in_Java, id=6136, stack(0x0000000017470000,0x0000000017570000)]
  0x0000000016cc5800 JavaThread "pool-2-thread-3" [_thread_blocked, id=15136, stack(0x0000000017370000,0x0000000017470000)]
  0x0000000016bd9800 JavaThread "pool-2-thread-2" [_thread_blocked, id=16048, stack(0x0000000017270000,0x0000000017370000)]
  0x0000000016bd7000 JavaThread "pool-3-thread-1" [_thread_blocked, id=2276, stack(0x0000000017170000,0x0000000017270000)]
  0x0000000016bd6000 JavaThread "pool-2-thread-1" [_thread_in_vm, id=9804, stack(0x0000000017070000,0x0000000017170000)]
  0x0000000016a73000 JavaThread "Service Thread" daemon [_thread_blocked, id=10120, stack(0x0000000016e70000,0x0000000016f70000)]
  0x0000000015178000 JavaThread "C1 CompilerThread2" daemon [_thread_in_native, id=17432, stack(0x0000000016970000,0x0000000016a70000)]
=>0x000000001511f000 JavaThread "C2 CompilerThread1" daemon [_thread_in_native, id=7684, stack(0x0000000016870000,0x0000000016970000)]
  0x000000001511b800 JavaThread "C2 CompilerThread0" daemon [_thread_in_native, id=14080, stack(0x0000000016770000,0x0000000016870000)]
  0x000000001511a000 JavaThread "Attach Listener" daemon [_thread_blocked, id=13548, stack(0x0000000016670000,0x0000000016770000)]
  0x0000000015119000 JavaThread "Signal Dispatcher" daemon [_thread_blocked, id=11244, stack(0x0000000016570000,0x0000000016670000)]
  0x000000001510a800 JavaThread "Finalizer" daemon [_thread_blocked, id=8264, stack(0x0000000016390000,0x0000000016490000)]
  0x000000000292f000 JavaThread "Reference Handler" daemon [_thread_blocked, id=5684, stack(0x0000000016290000,0x0000000016390000)]
  0x0000000002841000 JavaThread "main" [_thread_in_Java, id=1132, stack(0x0000000000ff0000,0x00000000010f0000)]

Other Threads:
  0x00000000150e8000 VMThread [stack: 0x0000000016190000,0x0000000016290000] [id=15456]
  0x0000000016a7a800 WatcherThread [stack: 0x0000000016f70000,0x0000000017070000] [id=16376]

VM state:not at safepoint (normal execution)

VM Mutex/Monitor currently owned by a thread: None

Heap:
 PSYoungGen      total 38400K, used 25971K [0x00000000eab00000, 0x00000000ed580000, 0x0000000100000000)
  eden space 33280K, 78% used [0x00000000eab00000,0x00000000ec45cec0,0x00000000ecb80000)
  from space 5120K, 0% used [0x00000000ed080000,0x00000000ed080000,0x00000000ed580000)
  to   space 5120K, 0% used [0x00000000ecb80000,0x00000000ecb80000,0x00000000ed080000)
 ParOldGen       total 87552K, used 0K [0x00000000c0000000, 0x00000000c5580000, 0x00000000eab00000)
  object space 87552K, 0% used [0x00000000c0000000,0x00000000c0000000,0x00000000c5580000)
 Metaspace       used 5851K, capacity 6896K, committed 7040K, reserved 1056768K
  class space    used 590K, capacity 616K, committed 640K, reserved 1048576K

Card table byte_map: [0x0000000011f70000,0x0000000012180000] byte_map_base: 0x0000000011970000

Marking Bits: (ParMarkBitMap*) 0x000000006071a6c0
 Begin Bits: [0x0000000012580000, 0x0000000013580000)
 End Bits:   [0x0000000013580000, 0x0000000014580000)

Polling page: 0x00000000010f0000

CodeCache: size=245760Kb used=4695Kb max_used=4695Kb free=241064Kb
 bounds [0x0000000002bb0000, 0x0000000003050000, 0x0000000011bb0000]
 total_blobs=1447 nmethods=1184 adapters=176
 compilation: enabled

Compilation events (10 events):
Event: 2.640 Thread 0x0000000015178000 nmethod 1181 0x0000000003037350 code [0x0000000003037540, 0x0000000003037c28]
Event: 2.640 Thread 0x0000000015178000 1182       3       com.android.dx.cf.code.ConcreteMethod::getCode (8 bytes)
Event: 2.640 Thread 0x0000000015178000 nmethod 1182 0x0000000003036e90 code [0x0000000003036fe0, 0x00000000030371d0]
Event: 2.640 Thread 0x0000000015178000 1183       3       java.util.Vector::<init> (7 bytes)
Event: 2.640 Thread 0x0000000015178000 nmethod 1183 0x000000000302d890 code [0x000000000302da00, 0x000000000302db88]
Event: 2.640 Thread 0x0000000015178000 1184       3       java.util.Vector::<init> (49 bytes)
Event: 2.641 Thread 0x0000000015178000 nmethod 1184 0x000000000303ead0 code [0x000000000303ecc0, 0x000000000303f6b8]
Event: 2.645 Thread 0x0000000015178000 1187       3       com.android.dx.rop.cst.CstInteger::make (47 bytes)
Event: 2.646 Thread 0x0000000015178000 nmethod 1187 0x000000000303fb50 code [0x000000000303fd00, 0x0000000003040430]
Event: 2.648 Thread 0x0000000015178000 1188       3       com.android.dx.ssa.Dominators::run (506 bytes)

GC Heap History (0 events):
No events

Deoptimization events (4 events):
Event: 1.765 Thread 0x0000000002841000 Uncommon trap: reason=unstable_if action=reinterpret pc=0x0000000002dd03f4 method=java.util.BitSet.ensureCapacity(I)V @ 6
Event: 1.765 Thread 0x0000000002841000 Uncommon trap: reason=unstable_if action=reinterpret pc=0x0000000002dbe2b0 method=java.util.BitSet.nextSetBit(I)I @ 87
Event: 1.772 Thread 0x0000000016bd9800 Uncommon trap: reason=class_check action=maybe_recompile pc=0x0000000002dcea30 method=com.android.dx.ssa.NormalSsaInsn.accept(Lcom/android/dx/ssa/SsaInsn$Visitor;)V @ 9
Event: 2.042 Thread 0x0000000016bd6000 Uncommon trap: reason=null_check action=make_not_entrant pc=0x0000000002e4ca78 method=com.android.dx.ssa.SsaRenamer.getLocalForNewReg(I)Lcom/android/dx/rop/code/LocalItem; @ 19

Internal exceptions (3 events):
Event: 0.127 Thread 0x0000000002841000 Exception <a 'java/lang/NoSuchMethodError': Method sun.misc.Unsafe.defineClass(Ljava/lang/String;[BII)Ljava/lang/Class; name or signature does not match> (0x00000000eab07c78) thrown at [C:\re\workspace\8-2-build-windows-amd64-cygwin\jdk8u102\7268\hotspot\sniNžJÀ?
Event: 0.127 Thread 0x0000000002841000 Exception <a 'java/lang/NoSuchMethodError': Method sun.misc.Unsafe.prefetchRead(Ljava/lang/Object;J)V name or signature does not match> (0x00000000eab07f60) thrown at [C:\re\workspace\8-2-build-windows-amd64-cygwin\jdk8u102\7268\hotspot\src\share\vm\prims\ö{©“ÇU
Event: 2.042 Thread 0x0000000016bd6000 Implicit null exception at 0x0000000002e4b274 to 0x0000000002e4ca31

Events (10 events):
Event: 2.153 loading class com/android/dx/dex/file/ParameterAnnotationStruct
Event: 2.153 loading class com/android/dx/dex/file/ParameterAnnotationStruct done
Event: 2.156 loading class com/android/dx/dex/file/UniformListItem
Event: 2.156 loading class com/android/dx/dex/file/UniformListItem done
Event: 2.157 loading class com/android/dx/dex/file/AnnotationSetRefItem
Event: 2.157 loading class com/android/dx/dex/file/AnnotationSetRefItem done
Event: 2.252 loading class com/android/dx/cf/code/SwitchList
Event: 2.252 loading class com/android/dx/cf/code/SwitchList done
Event: 2.582 Executing VM operation: ForceSafepoint
Event: 2.629 Executing VM operation: ForceSafepoint done


Dynamic libraries:
0x00007ff77ff30000 - 0x00007ff77ff67000 	C:\Program Files\Java\jdk1.8.0_102\bin\java.exe
0x00007ff98f3f0000 - 0x00007ff98f5b1000 	C:\WINDOWS\SYSTEM32\ntdll.dll
0x00007ff98eff0000 - 0x00007ff98f09d000 	C:\WINDOWS\system32\KERNEL32.DLL
0x00007ff98bb10000 - 0x00007ff98bcf8000 	C:\WINDOWS\system32\KERNELBASE.dll
0x00007ff98ebc0000 - 0x00007ff98ec67000 	C:\WINDOWS\system32\ADVAPI32.dll
0x00007ff98e9e0000 - 0x00007ff98ea7d000 	C:\WINDOWS\system32\msvcrt.dll
0x00007ff98ea80000 - 0x00007ff98eadb000 	C:\WINDOWS\system32\sechost.dll
0x00007ff98f2d0000 - 0x00007ff98f3ec000 	C:\WINDOWS\system32\RPCRT4.dll
0x00007ff98f0a0000 - 0x00007ff98f1f6000 	C:\WINDOWS\system32\USER32.dll
0x00007ff98c900000 - 0x00007ff98ca86000 	C:\WINDOWS\system32\GDI32.dll
0x00007ff97b820000 - 0x00007ff97ba94000 	C:\WINDOWS\WinSxS\amd64_microsoft.windows.common-controls_6595b64144ccf1df_6.0.10586.589_none_a2ddb3caa539acce\COMCTL32.dll
0x00007ff98d050000 - 0x00007ff98d2cd000 	C:\WINDOWS\system32\combase.dll
0x00007ff98baa0000 - 0x00007ff98bb0a000 	C:\WINDOWS\system32\bcryptPrimitives.dll
0x00007ff98ca90000 - 0x00007ff98cacb000 	C:\WINDOWS\system32\IMM32.DLL
0x000000005f910000 - 0x000000005f9e1000 	C:\Program Files\Java\jdk1.8.0_102\jre\bin\msvcr100.dll
0x000000005ff00000 - 0x000000006079a000 	C:\Program Files\Java\jdk1.8.0_102\jre\bin\server\jvm.dll
0x00007ff98ed30000 - 0x00007ff98ed38000 	C:\WINDOWS\system32\PSAPI.DLL
0x00007ff9881d0000 - 0x00007ff9881d9000 	C:\WINDOWS\SYSTEM32\WSOCK32.dll
0x00007ff98eae0000 - 0x00007ff98eb4b000 	C:\WINDOWS\system32\WS2_32.dll
0x00007ff989320000 - 0x00007ff989343000 	C:\WINDOWS\SYSTEM32\WINMM.dll
0x00007ff98a0a0000 - 0x00007ff98a0aa000 	C:\WINDOWS\SYSTEM32\VERSION.dll
0x00007ff9892f0000 - 0x00007ff98931c000 	C:\WINDOWS\SYSTEM32\WINMMBASE.dll
0x00007ff98bef0000 - 0x00007ff98bf33000 	C:\WINDOWS\system32\cfgmgr32.dll
0x0000000060d30000 - 0x0000000060d3f000 	C:\Program Files\Java\jdk1.8.0_102\jre\bin\verify.dll
0x0000000060d00000 - 0x0000000060d29000 	C:\Program Files\Java\jdk1.8.0_102\jre\bin\java.dll
0x0000000060ce0000 - 0x0000000060cf6000 	C:\Program Files\Java\jdk1.8.0_102\jre\bin\zip.dll
0x00007ff98d2d0000 - 0x00007ff98e82c000 	C:\WINDOWS\system32\SHELL32.dll
0x00007ff98bf40000 - 0x00007ff98c585000 	C:\WINDOWS\system32\windows.storage.dll
0x00007ff98ec70000 - 0x00007ff98ecc2000 	C:\WINDOWS\system32\shlwapi.dll
0x00007ff98ba30000 - 0x00007ff98ba3f000 	C:\WINDOWS\system32\kernel.appcore.dll
0x00007ff98c730000 - 0x00007ff98c7e5000 	C:\WINDOWS\system32\shcore.dll
0x00007ff98ba40000 - 0x00007ff98ba8b000 	C:\WINDOWS\system32\powrprof.dll
0x00007ff98ba10000 - 0x00007ff98ba24000 	C:\WINDOWS\system32\profapi.dll

VM Arguments:
jvm_args: -Djava.awt.headless=true -Xmx1024M -Dfile.encoding=windows-1252 -Duser.country=US -Duser.language=en -Duser.variant 
java_command: com.android.dx.command.Main --dex --force-jumbo --num-threads=4 --multi-dex --output C:\Users\Khalid.Elgazzar\AndroidStudioProjects\CourtCounter\app\build\intermediates\transforms\dex\debug\folders\1000\10\com.android.support-support-core-utils-24.2.1_62693291d18ab2b2f781d0f7e1112586080091d4 C:\Users\Khalid.Elgazzar\AndroidStudioProjects\CourtCounter\app\build\intermediates\exploded-aar\com.android.support\support-core-utils\24.2.1\jars\classes.jar
java_class_path (initial): C:\Users\Khalid.Elgazzar\AppData\Local\Android\sdk\build-tools\24.0.2\lib\dx.jar
Launcher Type: SUN_STANDARD

Environment Variables:
PATH=C:\ProgramData\Oracle\Java\javapath;C:\WINDOWS\system32;C:\WINDOWS;C:\WINDOWS\System32\Wbem;C:\WINDOWS\System32\WindowsPowerShell\v1.0\;C:\Program Files (x86)\Skype\Phone\;C:\Program Files (x86)\Google\Google Apps Sync\;C:\Program Files (x86)\Google\Google Apps Migration\;C:\TDM-GCC-64\bin
USERNAME=Khalid.Elgazzar
OS=Windows_NT
PROCESSOR_IDENTIFIER=Intel64 Family 6 Model 78 Stepping 3, GenuineIntel



---------------  S Y S T E M  ---------------

OS: Windows 10.0 , 64 bit Build 10586 (10.0.10586.589)

CPU:total 4 (2 cores per cpu, 2 threads per core) family 6 model 78 stepping 3, cmov, cx8, fxsr, mmx, sse, sse2, sse3, ssse3, sse4.1, sse4.2, popcnt, avx, avx2, aes, clmul, erms, 3dnowpref, lzcnt, ht, tsc, tscinvbit, bmi1, bmi2, adx

Memory: 4k page, physical 8269992k(160260k free), swap 22336676k(2196k free)

vm_info: Java HotSpot(TM) 64-Bit Server VM (25.102-b14) for windows-amd64 JRE (1.8.0_102-b14), built on Jun 22 2016 13:15:21 by "java_re" with MS VC++ 10.0 (VS2010)

time: Mon Oct 03 21:20:13 2016
elapsed time: 2 seconds (0d 0h 0m 2s)

