#
# There is insufficient memory for the Java Runtime Environment to continue.
# Native memory allocation (malloc) failed to allocate 301936 bytes for Chunk::new
# Possible reasons:
#   The system is out of physical RAM or swap space
#   In 32 bit mode, the process size limit was hit
# Possible solutions:
#   Reduce memory load on the system
#   Increase physical memory or swap space
#   Check if swap backing store is full
#   Use 64 bit Java on a 64 bit OS
#   Decrease Java heap size (-Xmx/-Xms)
#   Decrease number of Java threads
#   Decrease Java thread stack sizes (-Xss)
#   Set larger code cache with -XX:ReservedCodeCacheSize=
# This output file may be truncated or incomplete.
#
#  Out of Memory Error (allocation.cpp:390), pid=8960, tid=0x0000000000000644
#
# JRE version: Java(TM) SE Runtime Environment (8.0_102-b14) (build 1.8.0_102-b14)
# Java VM: Java HotSpot(TM) 64-Bit Server VM (25.102-b14 mixed mode windows-amd64 compressed oops)
# Failed to write core dump. Minidumps are not enabled by default on client versions of Windows
#

---------------  T H R E A D  ---------------

Current thread (0x0000000015810000):  JavaThread "C2 CompilerThread1" daemon [_thread_in_native, id=1604, stack(0x0000000016f50000,0x0000000017050000)]

Stack: [0x0000000016f50000,0x0000000017050000]
[error occurred during error reporting (printing stack bounds), id 0xc0000005]

Native frames: (J=compiled Java code, j=interpreted, Vv=VM code, C=native code)


Current CompileTask:
C2:   2081 1084       4       com.android.dx.ssa.Dominators::eval (29 bytes)


---------------  P R O C E S S  ---------------

Java Threads: ( => current thread )
  0x0000000017396800 JavaThread "pool-2-thread-4" [_thread_in_Java, id=4668, stack(0x0000000017b50000,0x0000000017c50000)]
  0x0000000017396000 JavaThread "pool-2-thread-3" [_thread_in_Java, id=15764, stack(0x0000000017a50000,0x0000000017b50000)]
  0x0000000017394800 JavaThread "pool-2-thread-2" [_thread_in_vm, id=7128, stack(0x0000000017950000,0x0000000017a50000)]
  0x00000000172ec000 JavaThread "pool-3-thread-1" [_thread_blocked, id=3608, stack(0x0000000017850000,0x0000000017950000)]
  0x00000000172e9000 JavaThread "pool-2-thread-1" [_thread_blocked, id=17632, stack(0x0000000017750000,0x0000000017850000)]
  0x0000000017152800 JavaThread "Service Thread" daemon [_thread_blocked, id=16756, stack(0x0000000017550000,0x0000000017650000)]
  0x0000000015869000 JavaThread "C1 CompilerThread2" daemon [_thread_blocked, id=8292, stack(0x0000000017050000,0x0000000017150000)]
=>0x0000000015810000 JavaThread "C2 CompilerThread1" daemon [_thread_in_native, id=1604, stack(0x0000000016f50000,0x0000000017050000)]
  0x000000001580c800 JavaThread "C2 CompilerThread0" daemon [_thread_in_native, id=14624, stack(0x0000000016e50000,0x0000000016f50000)]
  0x000000001580b000 JavaThread "Attach Listener" daemon [_thread_blocked, id=2376, stack(0x0000000016d50000,0x0000000016e50000)]
  0x000000001580a000 JavaThread "Signal Dispatcher" daemon [_thread_blocked, id=18080, stack(0x0000000016c50000,0x0000000016d50000)]
  0x00000000157fa800 JavaThread "Finalizer" daemon [_thread_blocked, id=4300, stack(0x0000000016a70000,0x0000000016b70000)]
  0x000000000312f000 JavaThread "Reference Handler" daemon [_thread_blocked, id=5216, stack(0x0000000016970000,0x0000000016a70000)]
  0x0000000003041000 JavaThread "main" [_thread_in_Java, id=17256, stack(0x0000000002f40000,0x0000000003040000)]

Other Threads:
  0x00000000157d8000 VMThread [stack: 0x0000000016870000,0x0000000016970000] [id=10244]
  0x000000001715a000 WatcherThread [stack: 0x0000000017650000,0x0000000017750000] [id=16084]

VM state:not at safepoint (normal execution)

VM Mutex/Monitor currently owned by a thread: None

Heap:
 PSYoungGen      total 38400K, used 25318K [0x00000000eab00000, 0x00000000ed580000, 0x0000000100000000)
  eden space 33280K, 76% used [0x00000000eab00000,0x00000000ec3b9b48,0x00000000ecb80000)
  from space 5120K, 0% used [0x00000000ed080000,0x00000000ed080000,0x00000000ed580000)
  to   space 5120K, 0% used [0x00000000ecb80000,0x00000000ecb80000,0x00000000ed080000)
 ParOldGen       total 87552K, used 0K [0x00000000c0000000, 0x00000000c5580000, 0x00000000eab00000)
  object space 87552K, 0% used [0x00000000c0000000,0x00000000c0000000,0x00000000c5580000)
 Metaspace       used 5812K, capacity 6896K, committed 7040K, reserved 1056768K
  class space    used 589K, capacity 616K, committed 640K, reserved 1048576K

Card table byte_map: [0x0000000012500000,0x0000000012710000] byte_map_base: 0x0000000011f00000

Marking Bits: (ParMarkBitMap*) 0x000000006071a6c0
 Begin Bits: [0x0000000012c70000, 0x0000000013c70000)
 End Bits:   [0x0000000013c70000, 0x0000000014c70000)

Polling page: 0x0000000002de0000

CodeCache: size=245760Kb used=4437Kb max_used=4437Kb free=241322Kb
 bounds [0x0000000003140000, 0x00000000035a0000, 0x0000000012140000]
 total_blobs=1346 nmethods=1083 adapters=176
 compilation: enabled

Compilation events (10 events):
Event: 2.060 Thread 0x0000000015869000 1083       3       com.android.dx.cf.code.Ropper::addExceptionSetupBlocks (203 bytes)
Event: 2.063 Thread 0x0000000015869000 nmethod 1083 0x000000000358d550 code [0x000000000358d940, 0x000000000358fd08]
Event: 2.065 Thread 0x0000000015810000 1084       4       com.android.dx.ssa.Dominators::eval (29 bytes)
Event: 2.066 Thread 0x0000000015869000 1085       3       com.android.dx.ssa.SsaConverter::placePhiFunctions (394 bytes)
Event: 2.070 Thread 0x0000000015869000 nmethod 1085 0x0000000003591910 code [0x0000000003591ec0, 0x0000000003595508]
Event: 2.073 Thread 0x0000000015869000 1087       1       com.android.dx.ssa.PhiInsn::getOriginalRopInsn (2 bytes)
Event: 2.073 Thread 0x0000000015869000 nmethod 1087 0x0000000003566e10 code [0x0000000003566f60, 0x0000000003567070]
Event: 2.075 Thread 0x0000000015869000 1088       3       com.android.dx.ssa.DeadCodeRemover$NoSideEffectVisitor::visitPhiInsn (22 bytes)
Event: 2.075 Thread 0x0000000015869000 nmethod 1088 0x00000000035699d0 code [0x0000000003569b80, 0x000000000356a2e8]
Event: 2.078 Thread 0x0000000015869000 1089       3       com.android.dx.ssa.back.LivenessAnalyzer::coInterferePhis (128 bytes)

GC Heap History (0 events):
No events

Deoptimization events (2 events):
Event: 1.390 Thread 0x00000000172e9000 Uncommon trap: reason=unstable_if action=reinterpret pc=0x0000000003358638 method=java.util.HashMap.getNode(ILjava/lang/Object;)Ljava/util/HashMap$Node; @ 62
Event: 1.391 Thread 0x00000000172e9000 Uncommon trap: reason=unstable_if action=reinterpret pc=0x00000000033b3734 method=java.util.BitSet.ensureCapacity(I)V @ 6

Internal exceptions (2 events):
Event: 0.161 Thread 0x0000000003041000 Exception <a 'java/lang/NoSuchMethodError': Method sun.misc.Unsafe.defineClass(Ljava/lang/String;[BII)Ljava/lang/Class; name or signature does not match> (0x00000000eab07c78) thrown at [C:\re\workspace\8-2-build-windows-amd64-cygwin\jdk8u102\7268\hotspot\sŸoi0¢Ä?
Event: 0.161 Thread 0x0000000003041000 Exception <a 'java/lang/NoSuchMethodError': Method sun.misc.Unsafe.prefetchRead(Ljava/lang/Object;J)V name or signature does not match> (0x00000000eab07f60) thrown at [C:\re\workspace\8-2-build-windows-amd64-cygwin\jdk8u102\7268\hotspot\src\share\vm\prims\

Events (10 events):
Event: 1.390 Thread 0x00000000172e9000 DEOPT UNPACKING pc=0x000000000318582a sp=0x000000001784eb78 mode 2
Event: 1.391 Thread 0x00000000172e9000 Uncommon trap: trap_request=0xffffff65 fr.pc=0x00000000033b3734
Event: 1.391 Thread 0x00000000172e9000 DEOPT PACKING pc=0x00000000033b3734 sp=0x000000001784ebf0
Event: 1.391 Thread 0x00000000172e9000 DEOPT UNPACKING pc=0x000000000318582a sp=0x000000001784ead8 mode 2
Event: 1.636 loading class java/util/ArrayList$1
Event: 1.636 loading class java/util/ArrayList$1 done
Event: 1.660 loading class java/util/DualPivotQuicksort
Event: 1.660 loading class java/util/DualPivotQuicksort done
Event: 1.703 Executing VM operation: ForceSafepoint
Event: 1.819 Executing VM operation: ForceSafepoint done


Dynamic libraries:
0x00007ff77ff30000 - 0x00007ff77ff67000 	C:\Program Files\Java\jdk1.8.0_102\bin\java.exe
0x00007ff98f3f0000 - 0x00007ff98f5b1000 	C:\WINDOWS\SYSTEM32\ntdll.dll
0x00007ff98eff0000 - 0x00007ff98f09d000 	C:\WINDOWS\system32\KERNEL32.DLL
0x00007ff98bb10000 - 0x00007ff98bcf8000 	C:\WINDOWS\system32\KERNELBASE.dll
0x00007ff98ebc0000 - 0x00007ff98ec67000 	C:\WINDOWS\system32\ADVAPI32.dll
0x00007ff98e9e0000 - 0x00007ff98ea7d000 	C:\WINDOWS\system32\msvcrt.dll
0x00007ff98ea80000 - 0x00007ff98eadb000 	C:\WINDOWS\system32\sechost.dll
0x00007ff98f2d0000 - 0x00007ff98f3ec000 	C:\WINDOWS\system32\RPCRT4.dll
0x00007ff98f0a0000 - 0x00007ff98f1f6000 	C:\WINDOWS\system32\USER32.dll
0x00007ff98c900000 - 0x00007ff98ca86000 	C:\WINDOWS\system32\GDI32.dll
0x00007ff97b820000 - 0x00007ff97ba94000 	C:\WINDOWS\WinSxS\amd64_microsoft.windows.common-controls_6595b64144ccf1df_6.0.10586.589_none_a2ddb3caa539acce\COMCTL32.dll
0x00007ff98d050000 - 0x00007ff98d2cd000 	C:\WINDOWS\system32\combase.dll
0x00007ff98baa0000 - 0x00007ff98bb0a000 	C:\WINDOWS\system32\bcryptPrimitives.dll
0x00007ff98ca90000 - 0x00007ff98cacb000 	C:\WINDOWS\system32\IMM32.DLL
0x000000005f910000 - 0x000000005f9e1000 	C:\Program Files\Java\jdk1.8.0_102\jre\bin\msvcr100.dll
0x000000005ff00000 - 0x000000006079a000 	C:\Program Files\Java\jdk1.8.0_102\jre\bin\server\jvm.dll
0x00007ff98ed30000 - 0x00007ff98ed38000 	C:\WINDOWS\system32\PSAPI.DLL
0x00007ff9881d0000 - 0x00007ff9881d9000 	C:\WINDOWS\SYSTEM32\WSOCK32.dll
0x00007ff98eae0000 - 0x00007ff98eb4b000 	C:\WINDOWS\system32\WS2_32.dll
0x00007ff989320000 - 0x00007ff989343000 	C:\WINDOWS\SYSTEM32\WINMM.dll
0x00007ff98a0a0000 - 0x00007ff98a0aa000 	C:\WINDOWS\SYSTEM32\VERSION.dll
0x00007ff9892f0000 - 0x00007ff98931c000 	C:\WINDOWS\SYSTEM32\WINMMBASE.dll
0x00007ff98bef0000 - 0x00007ff98bf33000 	C:\WINDOWS\system32\cfgmgr32.dll
0x0000000060d30000 - 0x0000000060d3f000 	C:\Program Files\Java\jdk1.8.0_102\jre\bin\verify.dll
0x0000000060d00000 - 0x0000000060d29000 	C:\Program Files\Java\jdk1.8.0_102\jre\bin\java.dll
0x0000000060ce0000 - 0x0000000060cf6000 	C:\Program Files\Java\jdk1.8.0_102\jre\bin\zip.dll
0x00007ff98d2d0000 - 0x00007ff98e82c000 	C:\WINDOWS\system32\SHELL32.dll
0x00007ff98bf40000 - 0x00007ff98c585000 	C:\WINDOWS\system32\windows.storage.dll
0x00007ff98ec70000 - 0x00007ff98ecc2000 	C:\WINDOWS\system32\shlwapi.dll
0x00007ff98ba30000 - 0x00007ff98ba3f000 	C:\WINDOWS\system32\kernel.appcore.dll
0x00007ff98c730000 - 0x00007ff98c7e5000 	C:\WINDOWS\system32\shcore.dll
0x00007ff98ba40000 - 0x00007ff98ba8b000 	C:\WINDOWS\system32\powrprof.dll
0x00007ff98ba10000 - 0x00007ff98ba24000 	C:\WINDOWS\system32\profapi.dll

VM Arguments:
jvm_args: -Djava.awt.headless=true -Xmx1024M -Dfile.encoding=windows-1252 -Duser.country=US -Duser.language=en -Duser.variant 
java_command: com.android.dx.command.Main --dex --force-jumbo --num-threads=4 --multi-dex --output C:\Users\Khalid.Elgazzar\AndroidStudioProjects\CourtCounter\app\build\intermediates\transforms\dex\debug\folders\1000\10\com.android.support-support-fragment-24.2.1_a0c164fe1799d1e4c30e88f16a2873df49cb6040 C:\Users\Khalid.Elgazzar\AndroidStudioProjects\CourtCounter\app\build\intermediates\exploded-aar\com.android.support\support-fragment\24.2.1\jars\classes.jar
java_class_path (initial): C:\Users\Khalid.Elgazzar\AppData\Local\Android\sdk\build-tools\24.0.2\lib\dx.jar
Launcher Type: SUN_STANDARD

Environment Variables:
PATH=C:\ProgramData\Oracle\Java\javapath;C:\WINDOWS\system32;C:\WINDOWS;C:\WINDOWS\System32\Wbem;C:\WINDOWS\System32\WindowsPowerShell\v1.0\;C:\Program Files (x86)\Skype\Phone\;C:\Program Files (x86)\Google\Google Apps Sync\;C:\Program Files (x86)\Google\Google Apps Migration\;C:\TDM-GCC-64\bin
USERNAME=Khalid.Elgazzar
OS=Windows_NT
PROCESSOR_IDENTIFIER=Intel64 Family 6 Model 78 Stepping 3, GenuineIntel



---------------  S Y S T E M  ---------------

OS: Windows 10.0 , 64 bit Build 10586 (10.0.10586.589)

CPU:total 4 (2 cores per cpu, 2 threads per core) family 6 model 78 stepping 3, cmov, cx8, fxsr, mmx, sse, sse2, sse3, ssse3, sse4.1, sse4.2, popcnt, avx, avx2, aes, clmul, erms, 3dnowpref, lzcnt, ht, tsc, tscinvbit, bmi1, bmi2, adx

Memory: 4k page, physical 8269992k(239888k free), swap 22336676k(4168k free)

vm_info: Java HotSpot(TM) 64-Bit Server VM (25.102-b14) for windows-amd64 JRE (1.8.0_102-b14), built on Jun 22 2016 13:15:21 by "java_re" with MS VC++ 10.0 (VS2010)

time: Mon Oct 03 21:18:53 2016
elapsed time: 2 seconds (0d 0h 0m 2s)

